The system is: Linux - 2.6.32-504.16.2.el6.x86_64 - x86_64
Compiling the C compiler identification source file "CMakeCCompilerId.c" succeeded.
Compiler: /afs/cern.ch/sw/lcg/contrib/gcc/4.8/x86_64-slc6/bin/gcc 
Build flags: 
Id flags: 

The output was:
0


Compilation of the C compiler identification source "CMakeCCompilerId.c" produced "a.out"

The C compiler identification is GNU, found in "/afs/cern.ch/user/r/rmarchev/work/New_NA62Fw/analysis_new/build/CMakeFiles/3.2.3/CompilerIdC/a.out"

Compiling the CXX compiler identification source file "CMakeCXXCompilerId.cpp" succeeded.
Compiler: /afs/cern.ch/sw/lcg/contrib/gcc/4.8/x86_64-slc6/bin/g++ 
Build flags: 
Id flags: 

The output was:
0


Compilation of the CXX compiler identification source "CMakeCXXCompilerId.cpp" produced "a.out"

The CXX compiler identification is GNU, found in "/afs/cern.ch/user/r/rmarchev/work/New_NA62Fw/analysis_new/build/CMakeFiles/3.2.3/CompilerIdCXX/a.out"

Determining if the C compiler works passed with the following output:
Change Dir: /afs/cern.ch/user/r/rmarchev/work/New_NA62Fw/analysis_new/build/CMakeFiles/CMakeTmp

Run Build Command:"/usr/bin/gmake" "cmTryCompileExec371103011/fast"
/usr/bin/gmake -f CMakeFiles/cmTryCompileExec371103011.dir/build.make CMakeFiles/cmTryCompileExec371103011.dir/build
gmake[1]: Entering directory `/afs/cern.ch/work/r/rmarchev/private/New_NA62Fw/analysis_new/build/CMakeFiles/CMakeTmp'
/afs/cern.ch/sw/lcg/contrib/CMake/3.2.3/Linux-x86_64/bin/cmake -E cmake_progress_report /afs/cern.ch/user/r/rmarchev/work/New_NA62Fw/analysis_new/build/CMakeFiles/CMakeTmp/CMakeFiles 1
Building C object CMakeFiles/cmTryCompileExec371103011.dir/testCCompiler.c.o
/afs/cern.ch/sw/lcg/contrib/gcc/4.8/x86_64-slc6/bin/gcc    -o CMakeFiles/cmTryCompileExec371103011.dir/testCCompiler.c.o   -c /afs/cern.ch/user/r/rmarchev/work/New_NA62Fw/analysis_new/build/CMakeFiles/CMakeTmp/testCCompiler.c
Linking C executable cmTryCompileExec371103011
/afs/cern.ch/sw/lcg/contrib/CMake/3.2.3/Linux-x86_64/bin/cmake -E cmake_link_script CMakeFiles/cmTryCompileExec371103011.dir/link.txt --verbose=1
/afs/cern.ch/sw/lcg/contrib/gcc/4.8/x86_64-slc6/bin/gcc       CMakeFiles/cmTryCompileExec371103011.dir/testCCompiler.c.o  -o cmTryCompileExec371103011 -rdynamic 
gmake[1]: Leaving directory `/afs/cern.ch/work/r/rmarchev/private/New_NA62Fw/analysis_new/build/CMakeFiles/CMakeTmp'


Detecting C compiler ABI info compiled with the following output:
Change Dir: /afs/cern.ch/user/r/rmarchev/work/New_NA62Fw/analysis_new/build/CMakeFiles/CMakeTmp

Run Build Command:"/usr/bin/gmake" "cmTryCompileExec2519281362/fast"
/usr/bin/gmake -f CMakeFiles/cmTryCompileExec2519281362.dir/build.make CMakeFiles/cmTryCompileExec2519281362.dir/build
gmake[1]: Entering directory `/afs/cern.ch/work/r/rmarchev/private/New_NA62Fw/analysis_new/build/CMakeFiles/CMakeTmp'
/afs/cern.ch/sw/lcg/contrib/CMake/3.2.3/Linux-x86_64/bin/cmake -E cmake_progress_report /afs/cern.ch/user/r/rmarchev/work/New_NA62Fw/analysis_new/build/CMakeFiles/CMakeTmp/CMakeFiles 1
Building C object CMakeFiles/cmTryCompileExec2519281362.dir/CMakeCCompilerABI.c.o
/afs/cern.ch/sw/lcg/contrib/gcc/4.8/x86_64-slc6/bin/gcc    -o CMakeFiles/cmTryCompileExec2519281362.dir/CMakeCCompilerABI.c.o   -c /afs/cern.ch/sw/lcg/contrib/CMake/3.2.3/Linux-x86_64/share/cmake-3.2/Modules/CMakeCCompilerABI.c
Linking C executable cmTryCompileExec2519281362
/afs/cern.ch/sw/lcg/contrib/CMake/3.2.3/Linux-x86_64/bin/cmake -E cmake_link_script CMakeFiles/cmTryCompileExec2519281362.dir/link.txt --verbose=1
/afs/cern.ch/sw/lcg/contrib/gcc/4.8/x86_64-slc6/bin/gcc      -v CMakeFiles/cmTryCompileExec2519281362.dir/CMakeCCompilerABI.c.o  -o cmTryCompileExec2519281362 -rdynamic  
Using built-in specs.
COLLECT_GCC=/afs/cern.ch/sw/lcg/contrib/gcc/4.8/x86_64-slc6/bin/gcc
COLLECT_LTO_WRAPPER=/afs/cern.ch/sw/lcg/contrib/gcc/4.8.4/x86_64-slc6/bin/../libexec/gcc/x86_64-unknown-linux-gnu/4.8.4/lto-wrapper
Target: x86_64-unknown-linux-gnu
Configured with: ../gcc-4.8.4/configure --prefix=/afs/.cern.ch/sw/lcg/contrib/gcc/4.8.4/x86_64-slc6 --enable-languages=all --disable-multilib
Thread model: posix
gcc version 4.8.4 (GCC) 
COMPILER_PATH=/afs/cern.ch/sw/lcg/contrib/gcc/4.8.4/x86_64-slc6/bin/../libexec/gcc/x86_64-unknown-linux-gnu/4.8.4/:/afs/cern.ch/sw/lcg/contrib/gcc/4.8.4/x86_64-slc6/bin/../libexec/gcc/:/afs/cern.ch/sw/lcg/contrib/gcc/4.8/x86_64-slc6/lib/gcc/x86_64-unknown-linux-gnu/4.8.4/
LIBRARY_PATH=/afs/cern.ch/sw/lcg/contrib/gcc/4.8.4/x86_64-slc6/bin/../lib/gcc/x86_64-unknown-linux-gnu/4.8.4/:/afs/cern.ch/sw/lcg/contrib/gcc/4.8.4/x86_64-slc6/bin/../lib/gcc/:/afs/cern.ch/sw/lcg/contrib/gcc/4.8.4/x86_64-slc6/bin/../lib/gcc/x86_64-unknown-linux-gnu/4.8.4/../../../../lib64/:/lib/../lib64/:/usr/lib/../lib64/:/afs/cern.ch/sw/lcg/contrib/gcc/4.8.4/x86_64-slc6/bin/../lib/gcc/x86_64-unknown-linux-gnu/4.8.4/../../../:/lib/:/usr/lib/
COLLECT_GCC_OPTIONS='-v' '-o' 'cmTryCompileExec2519281362' '-rdynamic' '-mtune=generic' '-march=x86-64'
 /afs/cern.ch/sw/lcg/contrib/gcc/4.8.4/x86_64-slc6/bin/../libexec/gcc/x86_64-unknown-linux-gnu/4.8.4/collect2 --eh-frame-hdr -m elf_x86_64 -export-dynamic -dynamic-linker /lib64/ld-linux-x86-64.so.2 -o cmTryCompileExec2519281362 /usr/lib/../lib64/crt1.o /usr/lib/../lib64/crti.o /afs/cern.ch/sw/lcg/contrib/gcc/4.8.4/x86_64-slc6/bin/../lib/gcc/x86_64-unknown-linux-gnu/4.8.4/crtbegin.o -L/afs/cern.ch/sw/lcg/contrib/gcc/4.8.4/x86_64-slc6/bin/../lib/gcc/x86_64-unknown-linux-gnu/4.8.4 -L/afs/cern.ch/sw/lcg/contrib/gcc/4.8.4/x86_64-slc6/bin/../lib/gcc -L/afs/cern.ch/sw/lcg/contrib/gcc/4.8.4/x86_64-slc6/bin/../lib/gcc/x86_64-unknown-linux-gnu/4.8.4/../../../../lib64 -L/lib/../lib64 -L/usr/lib/../lib64 -L/afs/cern.ch/sw/lcg/contrib/gcc/4.8.4/x86_64-slc6/bin/../lib/gcc/x86_64-unknown-linux-gnu/4.8.4/../../.. CMakeFiles/cmTryCompileExec2519281362.dir/CMakeCCompilerABI.c.o -lgcc --as-needed -lgcc_s --no-as-needed -lc -lgcc --as-needed -lgcc_s --no-as-needed /afs/cern.ch/sw/lcg/contrib/gcc/4.8.4/x86_64-slc6/bin/../lib/gcc/x86_64-unknown-linux-gnu/4.8.4/crtend.o /usr/lib/../lib64/crtn.o
gmake[1]: Leaving directory `/afs/cern.ch/work/r/rmarchev/private/New_NA62Fw/analysis_new/build/CMakeFiles/CMakeTmp'


Parsed C implicit link information from above output:
  link line regex: [^( *|.*[/\])(ld|([^/\]+-)?ld|collect2)[^/\]*( |$)]
  ignore line: [Change Dir: /afs/cern.ch/user/r/rmarchev/work/New_NA62Fw/analysis_new/build/CMakeFiles/CMakeTmp]
  ignore line: []
  ignore line: [Run Build Command:"/usr/bin/gmake" "cmTryCompileExec2519281362/fast"]
  ignore line: [/usr/bin/gmake -f CMakeFiles/cmTryCompileExec2519281362.dir/build.make CMakeFiles/cmTryCompileExec2519281362.dir/build]
  ignore line: [gmake[1]: Entering directory `/afs/cern.ch/work/r/rmarchev/private/New_NA62Fw/analysis_new/build/CMakeFiles/CMakeTmp']
  ignore line: [/afs/cern.ch/sw/lcg/contrib/CMake/3.2.3/Linux-x86_64/bin/cmake -E cmake_progress_report /afs/cern.ch/user/r/rmarchev/work/New_NA62Fw/analysis_new/build/CMakeFiles/CMakeTmp/CMakeFiles 1]
  ignore line: [Building C object CMakeFiles/cmTryCompileExec2519281362.dir/CMakeCCompilerABI.c.o]
  ignore line: [/afs/cern.ch/sw/lcg/contrib/gcc/4.8/x86_64-slc6/bin/gcc    -o CMakeFiles/cmTryCompileExec2519281362.dir/CMakeCCompilerABI.c.o   -c /afs/cern.ch/sw/lcg/contrib/CMake/3.2.3/Linux-x86_64/share/cmake-3.2/Modules/CMakeCCompilerABI.c]
  ignore line: [Linking C executable cmTryCompileExec2519281362]
  ignore line: [/afs/cern.ch/sw/lcg/contrib/CMake/3.2.3/Linux-x86_64/bin/cmake -E cmake_link_script CMakeFiles/cmTryCompileExec2519281362.dir/link.txt --verbose=1]
  ignore line: [/afs/cern.ch/sw/lcg/contrib/gcc/4.8/x86_64-slc6/bin/gcc      -v CMakeFiles/cmTryCompileExec2519281362.dir/CMakeCCompilerABI.c.o  -o cmTryCompileExec2519281362 -rdynamic  ]
  ignore line: [Using built-in specs.]
  ignore line: [COLLECT_GCC=/afs/cern.ch/sw/lcg/contrib/gcc/4.8/x86_64-slc6/bin/gcc]
  ignore line: [COLLECT_LTO_WRAPPER=/afs/cern.ch/sw/lcg/contrib/gcc/4.8.4/x86_64-slc6/bin/../libexec/gcc/x86_64-unknown-linux-gnu/4.8.4/lto-wrapper]
  ignore line: [Target: x86_64-unknown-linux-gnu]
  ignore line: [Configured with: ../gcc-4.8.4/configure --prefix=/afs/.cern.ch/sw/lcg/contrib/gcc/4.8.4/x86_64-slc6 --enable-languages=all --disable-multilib]
  ignore line: [Thread model: posix]
  ignore line: [gcc version 4.8.4 (GCC) ]
  ignore line: [COMPILER_PATH=/afs/cern.ch/sw/lcg/contrib/gcc/4.8.4/x86_64-slc6/bin/../libexec/gcc/x86_64-unknown-linux-gnu/4.8.4/:/afs/cern.ch/sw/lcg/contrib/gcc/4.8.4/x86_64-slc6/bin/../libexec/gcc/:/afs/cern.ch/sw/lcg/contrib/gcc/4.8/x86_64-slc6/lib/gcc/x86_64-unknown-linux-gnu/4.8.4/]
  ignore line: [LIBRARY_PATH=/afs/cern.ch/sw/lcg/contrib/gcc/4.8.4/x86_64-slc6/bin/../lib/gcc/x86_64-unknown-linux-gnu/4.8.4/:/afs/cern.ch/sw/lcg/contrib/gcc/4.8.4/x86_64-slc6/bin/../lib/gcc/:/afs/cern.ch/sw/lcg/contrib/gcc/4.8.4/x86_64-slc6/bin/../lib/gcc/x86_64-unknown-linux-gnu/4.8.4/../../../../lib64/:/lib/../lib64/:/usr/lib/../lib64/:/afs/cern.ch/sw/lcg/contrib/gcc/4.8.4/x86_64-slc6/bin/../lib/gcc/x86_64-unknown-linux-gnu/4.8.4/../../../:/lib/:/usr/lib/]
  ignore line: [COLLECT_GCC_OPTIONS='-v' '-o' 'cmTryCompileExec2519281362' '-rdynamic' '-mtune=generic' '-march=x86-64']
  link line: [ /afs/cern.ch/sw/lcg/contrib/gcc/4.8.4/x86_64-slc6/bin/../libexec/gcc/x86_64-unknown-linux-gnu/4.8.4/collect2 --eh-frame-hdr -m elf_x86_64 -export-dynamic -dynamic-linker /lib64/ld-linux-x86-64.so.2 -o cmTryCompileExec2519281362 /usr/lib/../lib64/crt1.o /usr/lib/../lib64/crti.o /afs/cern.ch/sw/lcg/contrib/gcc/4.8.4/x86_64-slc6/bin/../lib/gcc/x86_64-unknown-linux-gnu/4.8.4/crtbegin.o -L/afs/cern.ch/sw/lcg/contrib/gcc/4.8.4/x86_64-slc6/bin/../lib/gcc/x86_64-unknown-linux-gnu/4.8.4 -L/afs/cern.ch/sw/lcg/contrib/gcc/4.8.4/x86_64-slc6/bin/../lib/gcc -L/afs/cern.ch/sw/lcg/contrib/gcc/4.8.4/x86_64-slc6/bin/../lib/gcc/x86_64-unknown-linux-gnu/4.8.4/../../../../lib64 -L/lib/../lib64 -L/usr/lib/../lib64 -L/afs/cern.ch/sw/lcg/contrib/gcc/4.8.4/x86_64-slc6/bin/../lib/gcc/x86_64-unknown-linux-gnu/4.8.4/../../.. CMakeFiles/cmTryCompileExec2519281362.dir/CMakeCCompilerABI.c.o -lgcc --as-needed -lgcc_s --no-as-needed -lc -lgcc --as-needed -lgcc_s --no-as-needed /afs/cern.ch/sw/lcg/contrib/gcc/4.8.4/x86_64-slc6/bin/../lib/gcc/x86_64-unknown-linux-gnu/4.8.4/crtend.o /usr/lib/../lib64/crtn.o]
    arg [/afs/cern.ch/sw/lcg/contrib/gcc/4.8.4/x86_64-slc6/bin/../libexec/gcc/x86_64-unknown-linux-gnu/4.8.4/collect2] ==> ignore
    arg [--eh-frame-hdr] ==> ignore
    arg [-m] ==> ignore
    arg [elf_x86_64] ==> ignore
    arg [-export-dynamic] ==> ignore
    arg [-dynamic-linker] ==> ignore
    arg [/lib64/ld-linux-x86-64.so.2] ==> ignore
    arg [-o] ==> ignore
    arg [cmTryCompileExec2519281362] ==> ignore
    arg [/usr/lib/../lib64/crt1.o] ==> ignore
    arg [/usr/lib/../lib64/crti.o] ==> ignore
    arg [/afs/cern.ch/sw/lcg/contrib/gcc/4.8.4/x86_64-slc6/bin/../lib/gcc/x86_64-unknown-linux-gnu/4.8.4/crtbegin.o] ==> ignore
    arg [-L/afs/cern.ch/sw/lcg/contrib/gcc/4.8.4/x86_64-slc6/bin/../lib/gcc/x86_64-unknown-linux-gnu/4.8.4] ==> dir [/afs/cern.ch/sw/lcg/contrib/gcc/4.8.4/x86_64-slc6/bin/../lib/gcc/x86_64-unknown-linux-gnu/4.8.4]
    arg [-L/afs/cern.ch/sw/lcg/contrib/gcc/4.8.4/x86_64-slc6/bin/../lib/gcc] ==> dir [/afs/cern.ch/sw/lcg/contrib/gcc/4.8.4/x86_64-slc6/bin/../lib/gcc]
    arg [-L/afs/cern.ch/sw/lcg/contrib/gcc/4.8.4/x86_64-slc6/bin/../lib/gcc/x86_64-unknown-linux-gnu/4.8.4/../../../../lib64] ==> dir [/afs/cern.ch/sw/lcg/contrib/gcc/4.8.4/x86_64-slc6/bin/../lib/gcc/x86_64-unknown-linux-gnu/4.8.4/../../../../lib64]
    arg [-L/lib/../lib64] ==> dir [/lib/../lib64]
    arg [-L/usr/lib/../lib64] ==> dir [/usr/lib/../lib64]
    arg [-L/afs/cern.ch/sw/lcg/contrib/gcc/4.8.4/x86_64-slc6/bin/../lib/gcc/x86_64-unknown-linux-gnu/4.8.4/../../..] ==> dir [/afs/cern.ch/sw/lcg/contrib/gcc/4.8.4/x86_64-slc6/bin/../lib/gcc/x86_64-unknown-linux-gnu/4.8.4/../../..]
    arg [CMakeFiles/cmTryCompileExec2519281362.dir/CMakeCCompilerABI.c.o] ==> ignore
    arg [-lgcc] ==> lib [gcc]
    arg [--as-needed] ==> ignore
    arg [-lgcc_s] ==> lib [gcc_s]
    arg [--no-as-needed] ==> ignore
    arg [-lc] ==> lib [c]
    arg [-lgcc] ==> lib [gcc]
    arg [--as-needed] ==> ignore
    arg [-lgcc_s] ==> lib [gcc_s]
    arg [--no-as-needed] ==> ignore
    arg [/afs/cern.ch/sw/lcg/contrib/gcc/4.8.4/x86_64-slc6/bin/../lib/gcc/x86_64-unknown-linux-gnu/4.8.4/crtend.o] ==> ignore
    arg [/usr/lib/../lib64/crtn.o] ==> ignore
  remove lib [gcc]
  remove lib [gcc_s]
  remove lib [gcc]
  remove lib [gcc_s]
  collapse library dir [/afs/cern.ch/sw/lcg/contrib/gcc/4.8.4/x86_64-slc6/bin/../lib/gcc/x86_64-unknown-linux-gnu/4.8.4] ==> [/afs/cern.ch/sw/lcg/contrib/gcc/4.8.4/x86_64-slc6/lib/gcc/x86_64-unknown-linux-gnu/4.8.4]
  collapse library dir [/afs/cern.ch/sw/lcg/contrib/gcc/4.8.4/x86_64-slc6/bin/../lib/gcc] ==> [/afs/cern.ch/sw/lcg/contrib/gcc/4.8.4/x86_64-slc6/lib/gcc]
  collapse library dir [/afs/cern.ch/sw/lcg/contrib/gcc/4.8.4/x86_64-slc6/bin/../lib/gcc/x86_64-unknown-linux-gnu/4.8.4/../../../../lib64] ==> [/afs/cern.ch/sw/lcg/contrib/gcc/4.8.4/x86_64-slc6/lib64]
  collapse library dir [/lib/../lib64] ==> [/lib64]
  collapse library dir [/usr/lib/../lib64] ==> [/usr/lib64]
  collapse library dir [/afs/cern.ch/sw/lcg/contrib/gcc/4.8.4/x86_64-slc6/bin/../lib/gcc/x86_64-unknown-linux-gnu/4.8.4/../../..] ==> [/afs/cern.ch/sw/lcg/contrib/gcc/4.8.4/x86_64-slc6/lib]
  implicit libs: [c]
  implicit dirs: [/afs/cern.ch/sw/lcg/contrib/gcc/4.8.4/x86_64-slc6/lib/gcc/x86_64-unknown-linux-gnu/4.8.4;/afs/cern.ch/sw/lcg/contrib/gcc/4.8.4/x86_64-slc6/lib/gcc;/afs/cern.ch/sw/lcg/contrib/gcc/4.8.4/x86_64-slc6/lib64;/lib64;/usr/lib64;/afs/cern.ch/sw/lcg/contrib/gcc/4.8.4/x86_64-slc6/lib]
  implicit fwks: []




Detecting C [-std=c11] compiler features compiled with the following output:
Change Dir: /afs/cern.ch/user/r/rmarchev/work/New_NA62Fw/analysis_new/build/CMakeFiles/CMakeTmp

Run Build Command:"/usr/bin/gmake" "cmTryCompileExec2405711312/fast"
/usr/bin/gmake -f CMakeFiles/cmTryCompileExec2405711312.dir/build.make CMakeFiles/cmTryCompileExec2405711312.dir/build
gmake[1]: Entering directory `/afs/cern.ch/work/r/rmarchev/private/New_NA62Fw/analysis_new/build/CMakeFiles/CMakeTmp'
/afs/cern.ch/sw/lcg/contrib/CMake/3.2.3/Linux-x86_64/bin/cmake -E cmake_progress_report /afs/cern.ch/user/r/rmarchev/work/New_NA62Fw/analysis_new/build/CMakeFiles/CMakeTmp/CMakeFiles 1
Building C object CMakeFiles/cmTryCompileExec2405711312.dir/feature_tests.c.o
/afs/cern.ch/sw/lcg/contrib/gcc/4.8/x86_64-slc6/bin/gcc   -std=c11 -o CMakeFiles/cmTryCompileExec2405711312.dir/feature_tests.c.o   -c /afs/cern.ch/user/r/rmarchev/work/New_NA62Fw/analysis_new/build/CMakeFiles/feature_tests.c
Linking C executable cmTryCompileExec2405711312
/afs/cern.ch/sw/lcg/contrib/CMake/3.2.3/Linux-x86_64/bin/cmake -E cmake_link_script CMakeFiles/cmTryCompileExec2405711312.dir/link.txt --verbose=1
/afs/cern.ch/sw/lcg/contrib/gcc/4.8/x86_64-slc6/bin/gcc       CMakeFiles/cmTryCompileExec2405711312.dir/feature_tests.c.o  -o cmTryCompileExec2405711312 -rdynamic 
gmake[1]: Leaving directory `/afs/cern.ch/work/r/rmarchev/private/New_NA62Fw/analysis_new/build/CMakeFiles/CMakeTmp'


    Feature record: C_FEATURE:1c_function_prototypes
    Feature record: C_FEATURE:1c_restrict
    Feature record: C_FEATURE:1c_static_assert
    Feature record: C_FEATURE:1c_variadic_macros


Detecting C [-std=c99] compiler features compiled with the following output:
Change Dir: /afs/cern.ch/user/r/rmarchev/work/New_NA62Fw/analysis_new/build/CMakeFiles/CMakeTmp

Run Build Command:"/usr/bin/gmake" "cmTryCompileExec1108736300/fast"
/usr/bin/gmake -f CMakeFiles/cmTryCompileExec1108736300.dir/build.make CMakeFiles/cmTryCompileExec1108736300.dir/build
gmake[1]: Entering directory `/afs/cern.ch/work/r/rmarchev/private/New_NA62Fw/analysis_new/build/CMakeFiles/CMakeTmp'
/afs/cern.ch/sw/lcg/contrib/CMake/3.2.3/Linux-x86_64/bin/cmake -E cmake_progress_report /afs/cern.ch/user/r/rmarchev/work/New_NA62Fw/analysis_new/build/CMakeFiles/CMakeTmp/CMakeFiles 1
Building C object CMakeFiles/cmTryCompileExec1108736300.dir/feature_tests.c.o
/afs/cern.ch/sw/lcg/contrib/gcc/4.8/x86_64-slc6/bin/gcc   -std=c99 -o CMakeFiles/cmTryCompileExec1108736300.dir/feature_tests.c.o   -c /afs/cern.ch/user/r/rmarchev/work/New_NA62Fw/analysis_new/build/CMakeFiles/feature_tests.c
Linking C executable cmTryCompileExec1108736300
/afs/cern.ch/sw/lcg/contrib/CMake/3.2.3/Linux-x86_64/bin/cmake -E cmake_link_script CMakeFiles/cmTryCompileExec1108736300.dir/link.txt --verbose=1
/afs/cern.ch/sw/lcg/contrib/gcc/4.8/x86_64-slc6/bin/gcc       CMakeFiles/cmTryCompileExec1108736300.dir/feature_tests.c.o  -o cmTryCompileExec1108736300 -rdynamic 
gmake[1]: Leaving directory `/afs/cern.ch/work/r/rmarchev/private/New_NA62Fw/analysis_new/build/CMakeFiles/CMakeTmp'


    Feature record: C_FEATURE:1c_function_prototypes
    Feature record: C_FEATURE:1c_restrict
    Feature record: C_FEATURE:0c_static_assert
    Feature record: C_FEATURE:1c_variadic_macros


Detecting C [-std=c90] compiler features compiled with the following output:
Change Dir: /afs/cern.ch/user/r/rmarchev/work/New_NA62Fw/analysis_new/build/CMakeFiles/CMakeTmp

Run Build Command:"/usr/bin/gmake" "cmTryCompileExec294429570/fast"
/usr/bin/gmake -f CMakeFiles/cmTryCompileExec294429570.dir/build.make CMakeFiles/cmTryCompileExec294429570.dir/build
gmake[1]: Entering directory `/afs/cern.ch/work/r/rmarchev/private/New_NA62Fw/analysis_new/build/CMakeFiles/CMakeTmp'
/afs/cern.ch/sw/lcg/contrib/CMake/3.2.3/Linux-x86_64/bin/cmake -E cmake_progress_report /afs/cern.ch/user/r/rmarchev/work/New_NA62Fw/analysis_new/build/CMakeFiles/CMakeTmp/CMakeFiles 1
Building C object CMakeFiles/cmTryCompileExec294429570.dir/feature_tests.c.o
/afs/cern.ch/sw/lcg/contrib/gcc/4.8/x86_64-slc6/bin/gcc   -std=c90 -o CMakeFiles/cmTryCompileExec294429570.dir/feature_tests.c.o   -c /afs/cern.ch/user/r/rmarchev/work/New_NA62Fw/analysis_new/build/CMakeFiles/feature_tests.c
Linking C executable cmTryCompileExec294429570
/afs/cern.ch/sw/lcg/contrib/CMake/3.2.3/Linux-x86_64/bin/cmake -E cmake_link_script CMakeFiles/cmTryCompileExec294429570.dir/link.txt --verbose=1
/afs/cern.ch/sw/lcg/contrib/gcc/4.8/x86_64-slc6/bin/gcc       CMakeFiles/cmTryCompileExec294429570.dir/feature_tests.c.o  -o cmTryCompileExec294429570 -rdynamic 
gmake[1]: Leaving directory `/afs/cern.ch/work/r/rmarchev/private/New_NA62Fw/analysis_new/build/CMakeFiles/CMakeTmp'


    Feature record: C_FEATURE:1c_function_prototypes
    Feature record: C_FEATURE:0c_restrict
    Feature record: C_FEATURE:0c_static_assert
    Feature record: C_FEATURE:0c_variadic_macros
Determining if the CXX compiler works passed with the following output:
Change Dir: /afs/cern.ch/user/r/rmarchev/work/New_NA62Fw/analysis_new/build/CMakeFiles/CMakeTmp

Run Build Command:"/usr/bin/gmake" "cmTryCompileExec4254098491/fast"
/usr/bin/gmake -f CMakeFiles/cmTryCompileExec4254098491.dir/build.make CMakeFiles/cmTryCompileExec4254098491.dir/build
gmake[1]: Entering directory `/afs/cern.ch/work/r/rmarchev/private/New_NA62Fw/analysis_new/build/CMakeFiles/CMakeTmp'
/afs/cern.ch/sw/lcg/contrib/CMake/3.2.3/Linux-x86_64/bin/cmake -E cmake_progress_report /afs/cern.ch/user/r/rmarchev/work/New_NA62Fw/analysis_new/build/CMakeFiles/CMakeTmp/CMakeFiles 1
Building CXX object CMakeFiles/cmTryCompileExec4254098491.dir/testCXXCompiler.cxx.o
/afs/cern.ch/sw/lcg/contrib/gcc/4.8/x86_64-slc6/bin/g++     -o CMakeFiles/cmTryCompileExec4254098491.dir/testCXXCompiler.cxx.o -c /afs/cern.ch/user/r/rmarchev/work/New_NA62Fw/analysis_new/build/CMakeFiles/CMakeTmp/testCXXCompiler.cxx
Linking CXX executable cmTryCompileExec4254098491
/afs/cern.ch/sw/lcg/contrib/CMake/3.2.3/Linux-x86_64/bin/cmake -E cmake_link_script CMakeFiles/cmTryCompileExec4254098491.dir/link.txt --verbose=1
/afs/cern.ch/sw/lcg/contrib/gcc/4.8/x86_64-slc6/bin/g++        CMakeFiles/cmTryCompileExec4254098491.dir/testCXXCompiler.cxx.o  -o cmTryCompileExec4254098491 -rdynamic 
gmake[1]: Leaving directory `/afs/cern.ch/work/r/rmarchev/private/New_NA62Fw/analysis_new/build/CMakeFiles/CMakeTmp'


Detecting CXX compiler ABI info compiled with the following output:
Change Dir: /afs/cern.ch/user/r/rmarchev/work/New_NA62Fw/analysis_new/build/CMakeFiles/CMakeTmp

Run Build Command:"/usr/bin/gmake" "cmTryCompileExec604032546/fast"
/usr/bin/gmake -f CMakeFiles/cmTryCompileExec604032546.dir/build.make CMakeFiles/cmTryCompileExec604032546.dir/build
gmake[1]: Entering directory `/afs/cern.ch/work/r/rmarchev/private/New_NA62Fw/analysis_new/build/CMakeFiles/CMakeTmp'
/afs/cern.ch/sw/lcg/contrib/CMake/3.2.3/Linux-x86_64/bin/cmake -E cmake_progress_report /afs/cern.ch/user/r/rmarchev/work/New_NA62Fw/analysis_new/build/CMakeFiles/CMakeTmp/CMakeFiles 1
Building CXX object CMakeFiles/cmTryCompileExec604032546.dir/CMakeCXXCompilerABI.cpp.o
/afs/cern.ch/sw/lcg/contrib/gcc/4.8/x86_64-slc6/bin/g++     -o CMakeFiles/cmTryCompileExec604032546.dir/CMakeCXXCompilerABI.cpp.o -c /afs/cern.ch/sw/lcg/contrib/CMake/3.2.3/Linux-x86_64/share/cmake-3.2/Modules/CMakeCXXCompilerABI.cpp
Linking CXX executable cmTryCompileExec604032546
/afs/cern.ch/sw/lcg/contrib/CMake/3.2.3/Linux-x86_64/bin/cmake -E cmake_link_script CMakeFiles/cmTryCompileExec604032546.dir/link.txt --verbose=1
/afs/cern.ch/sw/lcg/contrib/gcc/4.8/x86_64-slc6/bin/g++       -v CMakeFiles/cmTryCompileExec604032546.dir/CMakeCXXCompilerABI.cpp.o  -o cmTryCompileExec604032546 -rdynamic  
Using built-in specs.
COLLECT_GCC=/afs/cern.ch/sw/lcg/contrib/gcc/4.8/x86_64-slc6/bin/g++
COLLECT_LTO_WRAPPER=/afs/cern.ch/sw/lcg/contrib/gcc/4.8.4/x86_64-slc6/bin/../libexec/gcc/x86_64-unknown-linux-gnu/4.8.4/lto-wrapper
Target: x86_64-unknown-linux-gnu
Configured with: ../gcc-4.8.4/configure --prefix=/afs/.cern.ch/sw/lcg/contrib/gcc/4.8.4/x86_64-slc6 --enable-languages=all --disable-multilib
Thread model: posix
gcc version 4.8.4 (GCC) 
COMPILER_PATH=/afs/cern.ch/sw/lcg/contrib/gcc/4.8.4/x86_64-slc6/bin/../libexec/gcc/x86_64-unknown-linux-gnu/4.8.4/:/afs/cern.ch/sw/lcg/contrib/gcc/4.8.4/x86_64-slc6/bin/../libexec/gcc/:/afs/cern.ch/sw/lcg/contrib/gcc/4.8/x86_64-slc6/lib/gcc/x86_64-unknown-linux-gnu/4.8.4/
LIBRARY_PATH=/afs/cern.ch/sw/lcg/contrib/gcc/4.8.4/x86_64-slc6/bin/../lib/gcc/x86_64-unknown-linux-gnu/4.8.4/:/afs/cern.ch/sw/lcg/contrib/gcc/4.8.4/x86_64-slc6/bin/../lib/gcc/:/afs/cern.ch/sw/lcg/contrib/gcc/4.8.4/x86_64-slc6/bin/../lib/gcc/x86_64-unknown-linux-gnu/4.8.4/../../../../lib64/:/lib/../lib64/:/usr/lib/../lib64/:/afs/cern.ch/sw/lcg/contrib/gcc/4.8.4/x86_64-slc6/bin/../lib/gcc/x86_64-unknown-linux-gnu/4.8.4/../../../:/lib/:/usr/lib/
COLLECT_GCC_OPTIONS='-v' '-o' 'cmTryCompileExec604032546' '-rdynamic' '-shared-libgcc' '-mtune=generic' '-march=x86-64'
 /afs/cern.ch/sw/lcg/contrib/gcc/4.8.4/x86_64-slc6/bin/../libexec/gcc/x86_64-unknown-linux-gnu/4.8.4/collect2 --eh-frame-hdr -m elf_x86_64 -export-dynamic -dynamic-linker /lib64/ld-linux-x86-64.so.2 -o cmTryCompileExec604032546 /usr/lib/../lib64/crt1.o /usr/lib/../lib64/crti.o /afs/cern.ch/sw/lcg/contrib/gcc/4.8.4/x86_64-slc6/bin/../lib/gcc/x86_64-unknown-linux-gnu/4.8.4/crtbegin.o -L/afs/cern.ch/sw/lcg/contrib/gcc/4.8.4/x86_64-slc6/bin/../lib/gcc/x86_64-unknown-linux-gnu/4.8.4 -L/afs/cern.ch/sw/lcg/contrib/gcc/4.8.4/x86_64-slc6/bin/../lib/gcc -L/afs/cern.ch/sw/lcg/contrib/gcc/4.8.4/x86_64-slc6/bin/../lib/gcc/x86_64-unknown-linux-gnu/4.8.4/../../../../lib64 -L/lib/../lib64 -L/usr/lib/../lib64 -L/afs/cern.ch/sw/lcg/contrib/gcc/4.8.4/x86_64-slc6/bin/../lib/gcc/x86_64-unknown-linux-gnu/4.8.4/../../.. CMakeFiles/cmTryCompileExec604032546.dir/CMakeCXXCompilerABI.cpp.o -lstdc++ -lm -lgcc_s -lgcc -lc -lgcc_s -lgcc /afs/cern.ch/sw/lcg/contrib/gcc/4.8.4/x86_64-slc6/bin/../lib/gcc/x86_64-unknown-linux-gnu/4.8.4/crtend.o /usr/lib/../lib64/crtn.o
gmake[1]: Leaving directory `/afs/cern.ch/work/r/rmarchev/private/New_NA62Fw/analysis_new/build/CMakeFiles/CMakeTmp'


Parsed CXX implicit link information from above output:
  link line regex: [^( *|.*[/\])(ld|([^/\]+-)?ld|collect2)[^/\]*( |$)]
  ignore line: [Change Dir: /afs/cern.ch/user/r/rmarchev/work/New_NA62Fw/analysis_new/build/CMakeFiles/CMakeTmp]
  ignore line: []
  ignore line: [Run Build Command:"/usr/bin/gmake" "cmTryCompileExec604032546/fast"]
  ignore line: [/usr/bin/gmake -f CMakeFiles/cmTryCompileExec604032546.dir/build.make CMakeFiles/cmTryCompileExec604032546.dir/build]
  ignore line: [gmake[1]: Entering directory `/afs/cern.ch/work/r/rmarchev/private/New_NA62Fw/analysis_new/build/CMakeFiles/CMakeTmp']
  ignore line: [/afs/cern.ch/sw/lcg/contrib/CMake/3.2.3/Linux-x86_64/bin/cmake -E cmake_progress_report /afs/cern.ch/user/r/rmarchev/work/New_NA62Fw/analysis_new/build/CMakeFiles/CMakeTmp/CMakeFiles 1]
  ignore line: [Building CXX object CMakeFiles/cmTryCompileExec604032546.dir/CMakeCXXCompilerABI.cpp.o]
  ignore line: [/afs/cern.ch/sw/lcg/contrib/gcc/4.8/x86_64-slc6/bin/g++     -o CMakeFiles/cmTryCompileExec604032546.dir/CMakeCXXCompilerABI.cpp.o -c /afs/cern.ch/sw/lcg/contrib/CMake/3.2.3/Linux-x86_64/share/cmake-3.2/Modules/CMakeCXXCompilerABI.cpp]
  ignore line: [Linking CXX executable cmTryCompileExec604032546]
  ignore line: [/afs/cern.ch/sw/lcg/contrib/CMake/3.2.3/Linux-x86_64/bin/cmake -E cmake_link_script CMakeFiles/cmTryCompileExec604032546.dir/link.txt --verbose=1]
  ignore line: [/afs/cern.ch/sw/lcg/contrib/gcc/4.8/x86_64-slc6/bin/g++       -v CMakeFiles/cmTryCompileExec604032546.dir/CMakeCXXCompilerABI.cpp.o  -o cmTryCompileExec604032546 -rdynamic  ]
  ignore line: [Using built-in specs.]
  ignore line: [COLLECT_GCC=/afs/cern.ch/sw/lcg/contrib/gcc/4.8/x86_64-slc6/bin/g++]
  ignore line: [COLLECT_LTO_WRAPPER=/afs/cern.ch/sw/lcg/contrib/gcc/4.8.4/x86_64-slc6/bin/../libexec/gcc/x86_64-unknown-linux-gnu/4.8.4/lto-wrapper]
  ignore line: [Target: x86_64-unknown-linux-gnu]
  ignore line: [Configured with: ../gcc-4.8.4/configure --prefix=/afs/.cern.ch/sw/lcg/contrib/gcc/4.8.4/x86_64-slc6 --enable-languages=all --disable-multilib]
  ignore line: [Thread model: posix]
  ignore line: [gcc version 4.8.4 (GCC) ]
  ignore line: [COMPILER_PATH=/afs/cern.ch/sw/lcg/contrib/gcc/4.8.4/x86_64-slc6/bin/../libexec/gcc/x86_64-unknown-linux-gnu/4.8.4/:/afs/cern.ch/sw/lcg/contrib/gcc/4.8.4/x86_64-slc6/bin/../libexec/gcc/:/afs/cern.ch/sw/lcg/contrib/gcc/4.8/x86_64-slc6/lib/gcc/x86_64-unknown-linux-gnu/4.8.4/]
  ignore line: [LIBRARY_PATH=/afs/cern.ch/sw/lcg/contrib/gcc/4.8.4/x86_64-slc6/bin/../lib/gcc/x86_64-unknown-linux-gnu/4.8.4/:/afs/cern.ch/sw/lcg/contrib/gcc/4.8.4/x86_64-slc6/bin/../lib/gcc/:/afs/cern.ch/sw/lcg/contrib/gcc/4.8.4/x86_64-slc6/bin/../lib/gcc/x86_64-unknown-linux-gnu/4.8.4/../../../../lib64/:/lib/../lib64/:/usr/lib/../lib64/:/afs/cern.ch/sw/lcg/contrib/gcc/4.8.4/x86_64-slc6/bin/../lib/gcc/x86_64-unknown-linux-gnu/4.8.4/../../../:/lib/:/usr/lib/]
  ignore line: [COLLECT_GCC_OPTIONS='-v' '-o' 'cmTryCompileExec604032546' '-rdynamic' '-shared-libgcc' '-mtune=generic' '-march=x86-64']
  link line: [ /afs/cern.ch/sw/lcg/contrib/gcc/4.8.4/x86_64-slc6/bin/../libexec/gcc/x86_64-unknown-linux-gnu/4.8.4/collect2 --eh-frame-hdr -m elf_x86_64 -export-dynamic -dynamic-linker /lib64/ld-linux-x86-64.so.2 -o cmTryCompileExec604032546 /usr/lib/../lib64/crt1.o /usr/lib/../lib64/crti.o /afs/cern.ch/sw/lcg/contrib/gcc/4.8.4/x86_64-slc6/bin/../lib/gcc/x86_64-unknown-linux-gnu/4.8.4/crtbegin.o -L/afs/cern.ch/sw/lcg/contrib/gcc/4.8.4/x86_64-slc6/bin/../lib/gcc/x86_64-unknown-linux-gnu/4.8.4 -L/afs/cern.ch/sw/lcg/contrib/gcc/4.8.4/x86_64-slc6/bin/../lib/gcc -L/afs/cern.ch/sw/lcg/contrib/gcc/4.8.4/x86_64-slc6/bin/../lib/gcc/x86_64-unknown-linux-gnu/4.8.4/../../../../lib64 -L/lib/../lib64 -L/usr/lib/../lib64 -L/afs/cern.ch/sw/lcg/contrib/gcc/4.8.4/x86_64-slc6/bin/../lib/gcc/x86_64-unknown-linux-gnu/4.8.4/../../.. CMakeFiles/cmTryCompileExec604032546.dir/CMakeCXXCompilerABI.cpp.o -lstdc++ -lm -lgcc_s -lgcc -lc -lgcc_s -lgcc /afs/cern.ch/sw/lcg/contrib/gcc/4.8.4/x86_64-slc6/bin/../lib/gcc/x86_64-unknown-linux-gnu/4.8.4/crtend.o /usr/lib/../lib64/crtn.o]
    arg [/afs/cern.ch/sw/lcg/contrib/gcc/4.8.4/x86_64-slc6/bin/../libexec/gcc/x86_64-unknown-linux-gnu/4.8.4/collect2] ==> ignore
    arg [--eh-frame-hdr] ==> ignore
    arg [-m] ==> ignore
    arg [elf_x86_64] ==> ignore
    arg [-export-dynamic] ==> ignore
    arg [-dynamic-linker] ==> ignore
    arg [/lib64/ld-linux-x86-64.so.2] ==> ignore
    arg [-o] ==> ignore
    arg [cmTryCompileExec604032546] ==> ignore
    arg [/usr/lib/../lib64/crt1.o] ==> ignore
    arg [/usr/lib/../lib64/crti.o] ==> ignore
    arg [/afs/cern.ch/sw/lcg/contrib/gcc/4.8.4/x86_64-slc6/bin/../lib/gcc/x86_64-unknown-linux-gnu/4.8.4/crtbegin.o] ==> ignore
    arg [-L/afs/cern.ch/sw/lcg/contrib/gcc/4.8.4/x86_64-slc6/bin/../lib/gcc/x86_64-unknown-linux-gnu/4.8.4] ==> dir [/afs/cern.ch/sw/lcg/contrib/gcc/4.8.4/x86_64-slc6/bin/../lib/gcc/x86_64-unknown-linux-gnu/4.8.4]
    arg [-L/afs/cern.ch/sw/lcg/contrib/gcc/4.8.4/x86_64-slc6/bin/../lib/gcc] ==> dir [/afs/cern.ch/sw/lcg/contrib/gcc/4.8.4/x86_64-slc6/bin/../lib/gcc]
    arg [-L/afs/cern.ch/sw/lcg/contrib/gcc/4.8.4/x86_64-slc6/bin/../lib/gcc/x86_64-unknown-linux-gnu/4.8.4/../../../../lib64] ==> dir [/afs/cern.ch/sw/lcg/contrib/gcc/4.8.4/x86_64-slc6/bin/../lib/gcc/x86_64-unknown-linux-gnu/4.8.4/../../../../lib64]
    arg [-L/lib/../lib64] ==> dir [/lib/../lib64]
    arg [-L/usr/lib/../lib64] ==> dir [/usr/lib/../lib64]
    arg [-L/afs/cern.ch/sw/lcg/contrib/gcc/4.8.4/x86_64-slc6/bin/../lib/gcc/x86_64-unknown-linux-gnu/4.8.4/../../..] ==> dir [/afs/cern.ch/sw/lcg/contrib/gcc/4.8.4/x86_64-slc6/bin/../lib/gcc/x86_64-unknown-linux-gnu/4.8.4/../../..]
    arg [CMakeFiles/cmTryCompileExec604032546.dir/CMakeCXXCompilerABI.cpp.o] ==> ignore
    arg [-lstdc++] ==> lib [stdc++]
    arg [-lm] ==> lib [m]
    arg [-lgcc_s] ==> lib [gcc_s]
    arg [-lgcc] ==> lib [gcc]
    arg [-lc] ==> lib [c]
    arg [-lgcc_s] ==> lib [gcc_s]
    arg [-lgcc] ==> lib [gcc]
    arg [/afs/cern.ch/sw/lcg/contrib/gcc/4.8.4/x86_64-slc6/bin/../lib/gcc/x86_64-unknown-linux-gnu/4.8.4/crtend.o] ==> ignore
    arg [/usr/lib/../lib64/crtn.o] ==> ignore
  remove lib [gcc_s]
  remove lib [gcc]
  remove lib [gcc_s]
  remove lib [gcc]
  collapse library dir [/afs/cern.ch/sw/lcg/contrib/gcc/4.8.4/x86_64-slc6/bin/../lib/gcc/x86_64-unknown-linux-gnu/4.8.4] ==> [/afs/cern.ch/sw/lcg/contrib/gcc/4.8.4/x86_64-slc6/lib/gcc/x86_64-unknown-linux-gnu/4.8.4]
  collapse library dir [/afs/cern.ch/sw/lcg/contrib/gcc/4.8.4/x86_64-slc6/bin/../lib/gcc] ==> [/afs/cern.ch/sw/lcg/contrib/gcc/4.8.4/x86_64-slc6/lib/gcc]
  collapse library dir [/afs/cern.ch/sw/lcg/contrib/gcc/4.8.4/x86_64-slc6/bin/../lib/gcc/x86_64-unknown-linux-gnu/4.8.4/../../../../lib64] ==> [/afs/cern.ch/sw/lcg/contrib/gcc/4.8.4/x86_64-slc6/lib64]
  collapse library dir [/lib/../lib64] ==> [/lib64]
  collapse library dir [/usr/lib/../lib64] ==> [/usr/lib64]
  collapse library dir [/afs/cern.ch/sw/lcg/contrib/gcc/4.8.4/x86_64-slc6/bin/../lib/gcc/x86_64-unknown-linux-gnu/4.8.4/../../..] ==> [/afs/cern.ch/sw/lcg/contrib/gcc/4.8.4/x86_64-slc6/lib]
  implicit libs: [stdc++;m;c]
  implicit dirs: [/afs/cern.ch/sw/lcg/contrib/gcc/4.8.4/x86_64-slc6/lib/gcc/x86_64-unknown-linux-gnu/4.8.4;/afs/cern.ch/sw/lcg/contrib/gcc/4.8.4/x86_64-slc6/lib/gcc;/afs/cern.ch/sw/lcg/contrib/gcc/4.8.4/x86_64-slc6/lib64;/lib64;/usr/lib64;/afs/cern.ch/sw/lcg/contrib/gcc/4.8.4/x86_64-slc6/lib]
  implicit fwks: []




Detecting CXX [-std=c++1y] compiler features compiled with the following output:
Change Dir: /afs/cern.ch/user/r/rmarchev/work/New_NA62Fw/analysis_new/build/CMakeFiles/CMakeTmp

Run Build Command:"/usr/bin/gmake" "cmTryCompileExec2010558981/fast"
/usr/bin/gmake -f CMakeFiles/cmTryCompileExec2010558981.dir/build.make CMakeFiles/cmTryCompileExec2010558981.dir/build
gmake[1]: Entering directory `/afs/cern.ch/work/r/rmarchev/private/New_NA62Fw/analysis_new/build/CMakeFiles/CMakeTmp'
/afs/cern.ch/sw/lcg/contrib/CMake/3.2.3/Linux-x86_64/bin/cmake -E cmake_progress_report /afs/cern.ch/user/r/rmarchev/work/New_NA62Fw/analysis_new/build/CMakeFiles/CMakeTmp/CMakeFiles 1
Building CXX object CMakeFiles/cmTryCompileExec2010558981.dir/feature_tests.cxx.o
/afs/cern.ch/sw/lcg/contrib/gcc/4.8/x86_64-slc6/bin/g++    -std=c++1y -o CMakeFiles/cmTryCompileExec2010558981.dir/feature_tests.cxx.o -c /afs/cern.ch/user/r/rmarchev/work/New_NA62Fw/analysis_new/build/CMakeFiles/feature_tests.cxx
Linking CXX executable cmTryCompileExec2010558981
/afs/cern.ch/sw/lcg/contrib/CMake/3.2.3/Linux-x86_64/bin/cmake -E cmake_link_script CMakeFiles/cmTryCompileExec2010558981.dir/link.txt --verbose=1
/afs/cern.ch/sw/lcg/contrib/gcc/4.8/x86_64-slc6/bin/g++        CMakeFiles/cmTryCompileExec2010558981.dir/feature_tests.cxx.o  -o cmTryCompileExec2010558981 -rdynamic 
gmake[1]: Leaving directory `/afs/cern.ch/work/r/rmarchev/private/New_NA62Fw/analysis_new/build/CMakeFiles/CMakeTmp'


    Feature record: CXX_FEATURE:0cxx_aggregate_default_initializers
    Feature record: CXX_FEATURE:1cxx_alias_templates
    Feature record: CXX_FEATURE:1cxx_alignas
    Feature record: CXX_FEATURE:1cxx_alignof
    Feature record: CXX_FEATURE:1cxx_attributes
    Feature record: CXX_FEATURE:0cxx_attribute_deprecated
    Feature record: CXX_FEATURE:1cxx_auto_type
    Feature record: CXX_FEATURE:0cxx_binary_literals
    Feature record: CXX_FEATURE:1cxx_constexpr
    Feature record: CXX_FEATURE:0cxx_contextual_conversions
    Feature record: CXX_FEATURE:1cxx_decltype
    Feature record: CXX_FEATURE:0cxx_decltype_auto
    Feature record: CXX_FEATURE:1cxx_decltype_incomplete_return_types
    Feature record: CXX_FEATURE:1cxx_default_function_template_args
    Feature record: CXX_FEATURE:1cxx_defaulted_functions
    Feature record: CXX_FEATURE:1cxx_defaulted_move_initializers
    Feature record: CXX_FEATURE:1cxx_delegating_constructors
    Feature record: CXX_FEATURE:1cxx_deleted_functions
    Feature record: CXX_FEATURE:0cxx_digit_separators
    Feature record: CXX_FEATURE:1cxx_enum_forward_declarations
    Feature record: CXX_FEATURE:1cxx_explicit_conversions
    Feature record: CXX_FEATURE:1cxx_extended_friend_declarations
    Feature record: CXX_FEATURE:1cxx_extern_templates
    Feature record: CXX_FEATURE:1cxx_final
    Feature record: CXX_FEATURE:1cxx_func_identifier
    Feature record: CXX_FEATURE:1cxx_generalized_initializers
    Feature record: CXX_FEATURE:0cxx_generic_lambdas
    Feature record: CXX_FEATURE:1cxx_inheriting_constructors
    Feature record: CXX_FEATURE:1cxx_inline_namespaces
    Feature record: CXX_FEATURE:1cxx_lambdas
    Feature record: CXX_FEATURE:0cxx_lambda_init_captures
    Feature record: CXX_FEATURE:1cxx_local_type_template_args
    Feature record: CXX_FEATURE:1cxx_long_long_type
    Feature record: CXX_FEATURE:1cxx_noexcept
    Feature record: CXX_FEATURE:1cxx_nonstatic_member_init
    Feature record: CXX_FEATURE:1cxx_nullptr
    Feature record: CXX_FEATURE:1cxx_override
    Feature record: CXX_FEATURE:1cxx_range_for
    Feature record: CXX_FEATURE:1cxx_raw_string_literals
    Feature record: CXX_FEATURE:1cxx_reference_qualified_functions
    Feature record: CXX_FEATURE:0cxx_relaxed_constexpr
    Feature record: CXX_FEATURE:0cxx_return_type_deduction
    Feature record: CXX_FEATURE:1cxx_right_angle_brackets
    Feature record: CXX_FEATURE:1cxx_rvalue_references
    Feature record: CXX_FEATURE:1cxx_sizeof_member
    Feature record: CXX_FEATURE:1cxx_static_assert
    Feature record: CXX_FEATURE:1cxx_strong_enums
    Feature record: CXX_FEATURE:1cxx_template_template_parameters
    Feature record: CXX_FEATURE:1cxx_thread_local
    Feature record: CXX_FEATURE:1cxx_trailing_return_types
    Feature record: CXX_FEATURE:1cxx_unicode_literals
    Feature record: CXX_FEATURE:1cxx_uniform_initialization
    Feature record: CXX_FEATURE:1cxx_unrestricted_unions
    Feature record: CXX_FEATURE:1cxx_user_literals
    Feature record: CXX_FEATURE:0cxx_variable_templates
    Feature record: CXX_FEATURE:1cxx_variadic_macros
    Feature record: CXX_FEATURE:1cxx_variadic_templates


Detecting CXX [-std=c++11] compiler features compiled with the following output:
Change Dir: /afs/cern.ch/user/r/rmarchev/work/New_NA62Fw/analysis_new/build/CMakeFiles/CMakeTmp

Run Build Command:"/usr/bin/gmake" "cmTryCompileExec2430020479/fast"
/usr/bin/gmake -f CMakeFiles/cmTryCompileExec2430020479.dir/build.make CMakeFiles/cmTryCompileExec2430020479.dir/build
gmake[1]: Entering directory `/afs/cern.ch/work/r/rmarchev/private/New_NA62Fw/analysis_new/build/CMakeFiles/CMakeTmp'
/afs/cern.ch/sw/lcg/contrib/CMake/3.2.3/Linux-x86_64/bin/cmake -E cmake_progress_report /afs/cern.ch/user/r/rmarchev/work/New_NA62Fw/analysis_new/build/CMakeFiles/CMakeTmp/CMakeFiles 1
Building CXX object CMakeFiles/cmTryCompileExec2430020479.dir/feature_tests.cxx.o
/afs/cern.ch/sw/lcg/contrib/gcc/4.8/x86_64-slc6/bin/g++    -std=c++11 -o CMakeFiles/cmTryCompileExec2430020479.dir/feature_tests.cxx.o -c /afs/cern.ch/user/r/rmarchev/work/New_NA62Fw/analysis_new/build/CMakeFiles/feature_tests.cxx
Linking CXX executable cmTryCompileExec2430020479
/afs/cern.ch/sw/lcg/contrib/CMake/3.2.3/Linux-x86_64/bin/cmake -E cmake_link_script CMakeFiles/cmTryCompileExec2430020479.dir/link.txt --verbose=1
/afs/cern.ch/sw/lcg/contrib/gcc/4.8/x86_64-slc6/bin/g++        CMakeFiles/cmTryCompileExec2430020479.dir/feature_tests.cxx.o  -o cmTryCompileExec2430020479 -rdynamic 
gmake[1]: Leaving directory `/afs/cern.ch/work/r/rmarchev/private/New_NA62Fw/analysis_new/build/CMakeFiles/CMakeTmp'


    Feature record: CXX_FEATURE:0cxx_aggregate_default_initializers
    Feature record: CXX_FEATURE:1cxx_alias_templates
    Feature record: CXX_FEATURE:1cxx_alignas
    Feature record: CXX_FEATURE:1cxx_alignof
    Feature record: CXX_FEATURE:1cxx_attributes
    Feature record: CXX_FEATURE:0cxx_attribute_deprecated
    Feature record: CXX_FEATURE:1cxx_auto_type
    Feature record: CXX_FEATURE:0cxx_binary_literals
    Feature record: CXX_FEATURE:1cxx_constexpr
    Feature record: CXX_FEATURE:0cxx_contextual_conversions
    Feature record: CXX_FEATURE:1cxx_decltype
    Feature record: CXX_FEATURE:0cxx_decltype_auto
    Feature record: CXX_FEATURE:1cxx_decltype_incomplete_return_types
    Feature record: CXX_FEATURE:1cxx_default_function_template_args
    Feature record: CXX_FEATURE:1cxx_defaulted_functions
    Feature record: CXX_FEATURE:1cxx_defaulted_move_initializers
    Feature record: CXX_FEATURE:1cxx_delegating_constructors
    Feature record: CXX_FEATURE:1cxx_deleted_functions
    Feature record: CXX_FEATURE:0cxx_digit_separators
    Feature record: CXX_FEATURE:1cxx_enum_forward_declarations
    Feature record: CXX_FEATURE:1cxx_explicit_conversions
    Feature record: CXX_FEATURE:1cxx_extended_friend_declarations
    Feature record: CXX_FEATURE:1cxx_extern_templates
    Feature record: CXX_FEATURE:1cxx_final
    Feature record: CXX_FEATURE:1cxx_func_identifier
    Feature record: CXX_FEATURE:1cxx_generalized_initializers
    Feature record: CXX_FEATURE:0cxx_generic_lambdas
    Feature record: CXX_FEATURE:1cxx_inheriting_constructors
    Feature record: CXX_FEATURE:1cxx_inline_namespaces
    Feature record: CXX_FEATURE:1cxx_lambdas
    Feature record: CXX_FEATURE:0cxx_lambda_init_captures
    Feature record: CXX_FEATURE:1cxx_local_type_template_args
    Feature record: CXX_FEATURE:1cxx_long_long_type
    Feature record: CXX_FEATURE:1cxx_noexcept
    Feature record: CXX_FEATURE:1cxx_nonstatic_member_init
    Feature record: CXX_FEATURE:1cxx_nullptr
    Feature record: CXX_FEATURE:1cxx_override
    Feature record: CXX_FEATURE:1cxx_range_for
    Feature record: CXX_FEATURE:1cxx_raw_string_literals
    Feature record: CXX_FEATURE:1cxx_reference_qualified_functions
    Feature record: CXX_FEATURE:0cxx_relaxed_constexpr
    Feature record: CXX_FEATURE:0cxx_return_type_deduction
    Feature record: CXX_FEATURE:1cxx_right_angle_brackets
    Feature record: CXX_FEATURE:1cxx_rvalue_references
    Feature record: CXX_FEATURE:1cxx_sizeof_member
    Feature record: CXX_FEATURE:1cxx_static_assert
    Feature record: CXX_FEATURE:1cxx_strong_enums
    Feature record: CXX_FEATURE:1cxx_template_template_parameters
    Feature record: CXX_FEATURE:1cxx_thread_local
    Feature record: CXX_FEATURE:1cxx_trailing_return_types
    Feature record: CXX_FEATURE:1cxx_unicode_literals
    Feature record: CXX_FEATURE:1cxx_uniform_initialization
    Feature record: CXX_FEATURE:1cxx_unrestricted_unions
    Feature record: CXX_FEATURE:1cxx_user_literals
    Feature record: CXX_FEATURE:0cxx_variable_templates
    Feature record: CXX_FEATURE:1cxx_variadic_macros
    Feature record: CXX_FEATURE:1cxx_variadic_templates


Detecting CXX [-std=c++98] compiler features compiled with the following output:
Change Dir: /afs/cern.ch/user/r/rmarchev/work/New_NA62Fw/analysis_new/build/CMakeFiles/CMakeTmp

Run Build Command:"/usr/bin/gmake" "cmTryCompileExec2520698290/fast"
/usr/bin/gmake -f CMakeFiles/cmTryCompileExec2520698290.dir/build.make CMakeFiles/cmTryCompileExec2520698290.dir/build
gmake[1]: Entering directory `/afs/cern.ch/work/r/rmarchev/private/New_NA62Fw/analysis_new/build/CMakeFiles/CMakeTmp'
/afs/cern.ch/sw/lcg/contrib/CMake/3.2.3/Linux-x86_64/bin/cmake -E cmake_progress_report /afs/cern.ch/user/r/rmarchev/work/New_NA62Fw/analysis_new/build/CMakeFiles/CMakeTmp/CMakeFiles 1
Building CXX object CMakeFiles/cmTryCompileExec2520698290.dir/feature_tests.cxx.o
/afs/cern.ch/sw/lcg/contrib/gcc/4.8/x86_64-slc6/bin/g++    -std=c++98 -o CMakeFiles/cmTryCompileExec2520698290.dir/feature_tests.cxx.o -c /afs/cern.ch/user/r/rmarchev/work/New_NA62Fw/analysis_new/build/CMakeFiles/feature_tests.cxx
Linking CXX executable cmTryCompileExec2520698290
/afs/cern.ch/sw/lcg/contrib/CMake/3.2.3/Linux-x86_64/bin/cmake -E cmake_link_script CMakeFiles/cmTryCompileExec2520698290.dir/link.txt --verbose=1
/afs/cern.ch/sw/lcg/contrib/gcc/4.8/x86_64-slc6/bin/g++        CMakeFiles/cmTryCompileExec2520698290.dir/feature_tests.cxx.o  -o cmTryCompileExec2520698290 -rdynamic 
gmake[1]: Leaving directory `/afs/cern.ch/work/r/rmarchev/private/New_NA62Fw/analysis_new/build/CMakeFiles/CMakeTmp'


    Feature record: CXX_FEATURE:0cxx_aggregate_default_initializers
    Feature record: CXX_FEATURE:0cxx_alias_templates
    Feature record: CXX_FEATURE:0cxx_alignas
    Feature record: CXX_FEATURE:0cxx_alignof
    Feature record: CXX_FEATURE:0cxx_attributes
    Feature record: CXX_FEATURE:0cxx_attribute_deprecated
    Feature record: CXX_FEATURE:0cxx_auto_type
    Feature record: CXX_FEATURE:0cxx_binary_literals
    Feature record: CXX_FEATURE:0cxx_constexpr
    Feature record: CXX_FEATURE:0cxx_contextual_conversions
    Feature record: CXX_FEATURE:0cxx_decltype
    Feature record: CXX_FEATURE:0cxx_decltype_auto
    Feature record: CXX_FEATURE:0cxx_decltype_incomplete_return_types
    Feature record: CXX_FEATURE:0cxx_default_function_template_args
    Feature record: CXX_FEATURE:0cxx_defaulted_functions
    Feature record: CXX_FEATURE:0cxx_defaulted_move_initializers
    Feature record: CXX_FEATURE:0cxx_delegating_constructors
    Feature record: CXX_FEATURE:0cxx_deleted_functions
    Feature record: CXX_FEATURE:0cxx_digit_separators
    Feature record: CXX_FEATURE:0cxx_enum_forward_declarations
    Feature record: CXX_FEATURE:0cxx_explicit_conversions
    Feature record: CXX_FEATURE:0cxx_extended_friend_declarations
    Feature record: CXX_FEATURE:0cxx_extern_templates
    Feature record: CXX_FEATURE:0cxx_final
    Feature record: CXX_FEATURE:0cxx_func_identifier
    Feature record: CXX_FEATURE:0cxx_generalized_initializers
    Feature record: CXX_FEATURE:0cxx_generic_lambdas
    Feature record: CXX_FEATURE:0cxx_inheriting_constructors
    Feature record: CXX_FEATURE:0cxx_inline_namespaces
    Feature record: CXX_FEATURE:0cxx_lambdas
    Feature record: CXX_FEATURE:0cxx_lambda_init_captures
    Feature record: CXX_FEATURE:0cxx_local_type_template_args
    Feature record: CXX_FEATURE:0cxx_long_long_type
    Feature record: CXX_FEATURE:0cxx_noexcept
    Feature record: CXX_FEATURE:0cxx_nonstatic_member_init
    Feature record: CXX_FEATURE:0cxx_nullptr
    Feature record: CXX_FEATURE:0cxx_override
    Feature record: CXX_FEATURE:0cxx_range_for
    Feature record: CXX_FEATURE:0cxx_raw_string_literals
    Feature record: CXX_FEATURE:0cxx_reference_qualified_functions
    Feature record: CXX_FEATURE:0cxx_relaxed_constexpr
    Feature record: CXX_FEATURE:0cxx_return_type_deduction
    Feature record: CXX_FEATURE:0cxx_right_angle_brackets
    Feature record: CXX_FEATURE:0cxx_rvalue_references
    Feature record: CXX_FEATURE:0cxx_sizeof_member
    Feature record: CXX_FEATURE:0cxx_static_assert
    Feature record: CXX_FEATURE:0cxx_strong_enums
    Feature record: CXX_FEATURE:1cxx_template_template_parameters
    Feature record: CXX_FEATURE:0cxx_thread_local
    Feature record: CXX_FEATURE:0cxx_trailing_return_types
    Feature record: CXX_FEATURE:0cxx_unicode_literals
    Feature record: CXX_FEATURE:0cxx_uniform_initialization
    Feature record: CXX_FEATURE:0cxx_unrestricted_unions
    Feature record: CXX_FEATURE:0cxx_user_literals
    Feature record: CXX_FEATURE:0cxx_variable_templates
    Feature record: CXX_FEATURE:0cxx_variadic_macros
    Feature record: CXX_FEATURE:0cxx_variadic_templates
